# JRE version: Java(TM) SE Runtime Environment (8.0_144-b01) (build 1.8.0_144-b01)
# Java VM: Java HotSpot(TM) 64-Bit Server VM (25.144-b01 mixed mode linux-amd64 compressed oops)
Heap:
 garbage-first heap   total 262144K, used 174352K [0x00000000c0000000, 0x00000000c0100800, 0x0000000100000000)
  region size 1024K, 58 young (59392K), 9 survivors (9216K)
 Metaspace       used 114039K, capacity 125950K, committed 126360K, reserved 1159168K
  class space    used 13919K, capacity 17229K, committed 17356K, reserved 1048576K
GC Heap History (10 events):
Event: 532.402 GC heap before
{Heap before GC invocations=25 (full 0):
 garbage-first heap   total 262144K, used 134144K [0x00000000c0000000, 0x00000000c0100800, 0x0000000100000000)
  region size 1024K, 12 young (12288K), 2 survivors (2048K)
 Metaspace       used 107553K, capacity 119346K, committed 119448K, reserved 1153024K
  class space    used 13244K, capacity 16510K, committed 16588K, reserved 1048576K
Event: 532.413 GC heap after
Heap after GC invocations=26 (full 0):
 garbage-first heap   total 262144K, used 117248K [0x00000000c0000000, 0x00000000c0100800, 0x0000000100000000)
  region size 1024K, 2 young (2048K), 2 survivors (2048K)
 Metaspace       used 107553K, capacity 119346K, committed 119448K, reserved 1153024K
  class space    used 13244K, capacity 16510K, committed 16588K, reserved 1048576K
}
Event: 566.064 GC heap before
{Heap before GC invocations=26 (full 0):
 garbage-first heap   total 262144K, used 219648K [0x00000000c0000000, 0x00000000c0100800, 0x0000000100000000)
  region size 1024K, 102 young (104448K), 2 survivors (2048K)
 Metaspace       used 108831K, capacity 120546K, committed 120728K, reserved 1153024K
  class space    used 13346K, capacity 16588K, committed 16588K, reserved 1048576K
Event: 566.072 GC heap after
Heap after GC invocations=27 (full 0):
 garbage-first heap   total 262144K, used 117968K [0x00000000c0000000, 0x00000000c0100800, 0x0000000100000000)
  region size 1024K, 3 young (3072K), 3 survivors (3072K)
 Metaspace       used 108831K, capacity 120546K, committed 120728K, reserved 1153024K
  class space    used 13346K, capacity 16588K, committed 16588K, reserved 1048576K
}
Event: 595.382 GC heap before
{Heap before GC invocations=27 (full 0):
 garbage-first heap   total 262144K, used 222416K [0x00000000c0000000, 0x00000000c0100800, 0x0000000100000000)
  region size 1024K, 105 young (107520K), 3 survivors (3072K)
 Metaspace       used 109211K, capacity 121000K, committed 121368K, reserved 1155072K
  class space    used 13353K, capacity 16589K, committed 16716K, reserved 1048576K
Event: 595.391 GC heap after
Heap after GC invocations=28 (full 0):
 garbage-first heap   total 262144K, used 125358K [0x00000000c0000000, 0x00000000c0100800, 0x0000000100000000)
  region size 1024K, 10 young (10240K), 10 survivors (10240K)
 Metaspace       used 109211K, capacity 121000K, committed 121368K, reserved 1155072K
  class space    used 13353K, capacity 16589K, committed 16716K, reserved 1048576K
}
Event: 596.982 GC heap before
{Heap before GC invocations=28 (full 0):
 garbage-first heap   total 262144K, used 222638K [0x00000000c0000000, 0x00000000c0100800, 0x0000000100000000)
  region size 1024K, 105 young (107520K), 10 survivors (10240K)
 Metaspace       used 109215K, capacity 121000K, committed 121368K, reserved 1155072K
  class space    used 13353K, capacity 16589K, committed 16716K, reserved 1048576K
Event: 596.988 GC heap after
Heap after GC invocations=29 (full 0):
 garbage-first heap   total 262144K, used 120854K [0x00000000c0000000, 0x00000000c0100800, 0x0000000100000000)
  region size 1024K, 4 young (4096K), 4 survivors (4096K)
 Metaspace       used 109215K, capacity 121000K, committed 121368K, reserved 1155072K
  class space    used 13353K, capacity 16589K, committed 16716K, reserved 1048576K
}
Event: 607.106 GC heap before
{Heap before GC invocations=29 (full 0):
 garbage-first heap   total 262144K, used 224278K [0x00000000c0000000, 0x00000000c0100800, 0x0000000100000000)
  region size 1024K, 105 young (107520K), 4 survivors (4096K)
 Metaspace       used 112585K, capacity 124564K, committed 124824K, reserved 1157120K
  class space    used 13765K, capacity 17053K, committed 17100K, reserved 1048576K
Event: 607.116 GC heap after
Heap after GC invocations=30 (full 0):
 garbage-first heap   total 262144K, used 125200K [0x00000000c0000000, 0x00000000c0100800, 0x0000000100000000)
  region size 1024K, 9 young (9216K), 9 survivors (9216K)
 Metaspace       used 112585K, capacity 124564K, committed 124824K, reserved 1157120K
  class space    used 13765K, capacity 17053K, committed 17100K, reserved 1048576K
}

